Sun Aug 25 02:57:04 2024       
+-----------------------------------------------------------------------------------------+
| NVIDIA-SMI 555.42.02              Driver Version: 555.42.02      CUDA Version: 12.5     |
|-----------------------------------------+------------------------+----------------------+
| GPU  Name                 Persistence-M | Bus-Id          Disp.A | Volatile Uncorr. ECC |
| Fan  Temp   Perf          Pwr:Usage/Cap |           Memory-Usage | GPU-Util  Compute M. |
|                                         |                        |               MIG M. |
|=========================================+========================+======================|
|   0  NVIDIA A100-SXM4-40GB          On  |   00000000:0F:00.0 Off |                    0 |
| N/A   27C    P0             80W /  400W |       1MiB /  40960MiB |    100%      Default |
|                                         |                        |             Disabled |
+-----------------------------------------+------------------------+----------------------+
                                                                                         
+-----------------------------------------------------------------------------------------+
| Processes:                                                                              |
|  GPU   GI   CI        PID   Type   Process name                              GPU Memory |
|        ID   ID                                                               Usage      |
|=========================================================================================|
|  No running processes found                                                             |
+-----------------------------------------------------------------------------------------+


Experiment Name: base_ddpm
Experiment Details: 4 layer encoder-decoder layer


Dataset Name: mnist
Seed: 64
Batch Size: 64
Number of Epochs: 500
Learning Rate: 3e-4
WandB Project: base-ddpm
WandB Run Name: base_ddpm_mnist


With MNIST
Traceback (most recent call last):
  File "/scratch/data/m22cs061/DDPM/main2.py", line 164, in <module>
    main(config)
  File "/scratch/data/m22cs061/DDPM/main2.py", line 59, in main
    optimizer = torch.optim.Adam(generator.parameters(), lr = LEARNING_RATE)
  File "/iitjhome/m22cs061/miniconda3/envs/jash_mtp/lib/python3.10/site-packages/torch/optim/adam.py", line 28, in __init__
    if not 0.0 <= lr:
TypeError: '<=' not supported between instances of 'float' and 'str'
