Sun Aug 11 18:20:29 2024       
+-----------------------------------------------------------------------------------------+
| NVIDIA-SMI 555.42.02              Driver Version: 555.42.02      CUDA Version: 12.5     |
|-----------------------------------------+------------------------+----------------------+
| GPU  Name                 Persistence-M | Bus-Id          Disp.A | Volatile Uncorr. ECC |
| Fan  Temp   Perf          Pwr:Usage/Cap |           Memory-Usage | GPU-Util  Compute M. |
|                                         |                        |               MIG M. |
|=========================================+========================+======================|
|   0  NVIDIA A100-SXM4-40GB          On  |   00000000:BD:00.0 Off |                    0 |
| N/A   30C    P0             50W /  400W |       1MiB /  40960MiB |      0%      Default |
|                                         |                        |             Disabled |
+-----------------------------------------+------------------------+----------------------+
                                                                                         
+-----------------------------------------------------------------------------------------+
| Processes:                                                                              |
|  GPU   GI   CI        PID   Type   Process name                              GPU Memory |
|        ID   ID                                                               Usage      |
|=========================================================================================|
|  No running processes found                                                             |
+-----------------------------------------------------------------------------------------+
With MNIST
  0%|          | 0/500 [00:00<?, ?it/s]  0%|          | 1/500 [05:28<45:32:45, 328.59s/it]  0%|          | 2/500 [10:54<45:13:56, 326.98s/it]  1%|          | 3/500 [16:20<45:04:16, 326.47s/it]  1%|          | 4/500 [21:46<44:56:53, 326.24s/it]slurmstepd: error: *** JOB 24653 ON gpu1 CANCELLED AT 2024-08-11T18:43:38 ***
